<?xml version="1.0" encoding="UTF-8"?>
<testng-results skipped="0" failed="0" ignored="0" total="2" passed="2">
  <reporter-output>
  </reporter-output>
  <suite name="Default suite" duration-ms="201461" started-at="2019-12-26T21:12:10 CET" finished-at="2019-12-26T21:15:32 CET">
    <groups>
    </groups>
    <test name="Default test" duration-ms="201461" started-at="2019-12-26T21:12:10 CET" finished-at="2019-12-26T21:15:32 CET">
      <class name="pageTestsNG.RegistrationTestNG">
        <test-method status="PASS" signature="beforeFirstTest()[pri:0, instance:pageTestsNG.RegistrationTestNG@3cef309d]" name="beforeFirstTest" is-config="true" duration-ms="12083" started-at="2019-12-26T21:12:10 CET" finished-at="2019-12-26T21:12:22 CET">
          <reporter-output>
          </reporter-output>
        </test-method> <!-- beforeFirstTest -->
        <test-method status="PASS" signature="RegistrationFormTestOneUserExcel()[pri:1, instance:pageTestsNG.RegistrationTestNG@3cef309d]" name="RegistrationFormTestOneUserExcel" duration-ms="4970" started-at="2019-12-26T21:12:22 CET" finished-at="2019-12-26T21:12:27 CET">
          <reporter-output>
          </reporter-output>
        </test-method> <!-- RegistrationFormTestOneUserExcel -->
        <test-method status="PASS" signature="RegistrationFormTestAllUsers()[pri:2, instance:pageTestsNG.RegistrationTestNG@3cef309d]" name="RegistrationFormTestAllUsers" duration-ms="175213" started-at="2019-12-26T21:12:27 CET" finished-at="2019-12-26T21:15:23 CET">
          <reporter-output>
          </reporter-output>
        </test-method> <!-- RegistrationFormTestAllUsers -->
        <test-method status="PASS" signature="afterTests()[pri:0, instance:pageTestsNG.RegistrationTestNG@3cef309d]" name="afterTests" is-config="true" duration-ms="9129" started-at="2019-12-26T21:15:23 CET" finished-at="2019-12-26T21:15:32 CET">
          <reporter-output>
          </reporter-output>
        </test-method> <!-- afterTests -->
      </class> <!-- pageTestsNG.RegistrationTestNG -->
    </test> <!-- Default test -->
  </suite> <!-- Default suite -->
</testng-results>
