<?xml version="1.0" encoding="UTF-8"?>
<!-- Generated by org.testng.reporters.JUnitXMLReporter -->
<testsuite hostname="DESKTOP-06HPNJE" ignored="0" name="Default test" tests="2" failures="0" timestamp="2019-12-26T21:15:32 CET" time="201.461" errors="0">
  <testcase name="RegistrationFormTestOneUserExcel" time="4.97" classname="pageTestsNG.RegistrationTestNG"/>
  <testcase name="RegistrationFormTestAllUsers" time="175.213" classname="pageTestsNG.RegistrationTestNG"/>
</testsuite> <!-- Default test -->
